Waf: Entering directory `/home/wade/ah-lab/build'
Waf: Leaving directory `/home/wade/ah-lab/build'
Build commands will be stored in build/compile_commands.json
'build' finished successfully (0.353s)
Lab Start
source node:  22 ---> destination node:  18
source node:   7 ---> destination node:  11
source node:  39 ---> destination node:  21
source node:  14 ---> destination node:  12
source node:  40 ---> destination node:  47
source node:  30 ---> destination node:  41
source node:  25 ---> destination node:  48
Total received packets / Total send packet : 7/7
PDR 7/7 = 100.00%
Throughput: 4.82 Kbps
Average delay: 485.943 ms
Max delay: 1371.995 ms
[rand] aodv hello=on power_control=on prefer_low_power=on ett_tol=1.1
[rand] power_control=GradPC proportional
Total Network Energy: 0.9206 Joules
